2024-11-14 11:42:12 067 INFO     [main] com.example.demo.Application Starting Application on LAPTOP-CTMIQ9T4 with PID 5916 (C:\Users\kian1\OneDrive\Documents\NetBeansProjects\auth-course_Auth\target\classes started by kian1 in C:\Users\kian1\OneDrive\Documents\NetBeansProjects\auth-course_Auth)
2024-11-14 11:42:12 073 INFO     [main] com.example.demo.Application No active profile set, falling back to default profiles: default
2024-11-14 11:42:13 618 INFO     [main] o.s.d.r.c.RepositoryConfigurationDelegate Bootstrapping Spring Data repositories in DEFAULT mode.
2024-11-14 11:42:13 770 INFO     [main] o.s.d.r.c.RepositoryConfigurationDelegate Finished Spring Data repository scanning in 133ms. Found 4 repository interfaces.
2024-11-14 11:42:14 622 INFO     [main] o.s.c.s.PostProcessorRegistrationDelegate$BeanPostProcessorChecker Bean 'org.springframework.transaction.annotation.ProxyTransactionManagementConfiguration' of type [org.springframework.transaction.annotation.ProxyTransactionManagementConfiguration$$EnhancerBySpringCGLIB$$edc6e4ff] is not eligible for getting processed by all BeanPostProcessors (for example: not eligible for auto-proxying)
2024-11-14 11:42:15 330 INFO     [main] o.s.b.w.e.tomcat.TomcatWebServer Tomcat initialized with port(s): 8080 (http)
2024-11-14 11:42:15 405 INFO     [main] o.a.catalina.core.StandardService Starting service [Tomcat]
2024-11-14 11:42:15 406 INFO     [main] o.a.catalina.core.StandardEngine Starting Servlet engine: [Apache Tomcat/9.0.19]
2024-11-14 11:42:15 759 INFO     [main] o.a.c.c.C.[Tomcat].[localhost].[/] Initializing Spring embedded WebApplicationContext
2024-11-14 11:42:15 760 INFO     [main] o.s.web.context.ContextLoader Root WebApplicationContext: initialization completed in 3527 ms
2024-11-14 11:42:16 663 INFO     [main] com.zaxxer.hikari.HikariDataSource HikariPool-1 - Starting...
2024-11-14 11:42:17 195 INFO     [main] com.zaxxer.hikari.HikariDataSource HikariPool-1 - Start completed.
2024-11-14 11:42:17 386 INFO     [main] o.h.jpa.internal.util.LogHelper HHH000204: Processing PersistenceUnitInfo [
	name: default
	...]
2024-11-14 11:42:17 547 INFO     [main] org.hibernate.Version HHH000412: Hibernate Core {5.3.10.Final}
2024-11-14 11:42:17 563 INFO     [main] org.hibernate.cfg.Environment HHH000206: hibernate.properties not found
2024-11-14 11:42:17 886 INFO     [main] o.h.annotations.common.Version HCANN000001: Hibernate Commons Annotations {5.0.4.Final}
2024-11-14 11:42:18 240 INFO     [main] org.hibernate.dialect.Dialect HHH000400: Using dialect: org.hibernate.dialect.H2Dialect
2024-11-14 11:42:20 558 INFO     [main] o.s.o.j.LocalContainerEntityManagerFactoryBean Initialized JPA EntityManagerFactory for persistence unit 'default'
2024-11-14 11:42:21 484 WARN     [main] o.s.b.a.o.j.JpaBaseConfiguration$JpaWebConfiguration$JpaWebMvcConfiguration spring.jpa.open-in-view is enabled by default. Therefore, database queries may be performed during view rendering. Explicitly configure spring.jpa.open-in-view to disable this warning
2024-11-14 11:42:21 632 INFO     [main] o.s.s.web.DefaultSecurityFilterChain Creating filter chain: any request, [org.springframework.security.web.context.request.async.WebAsyncManagerIntegrationFilter@7b2dd35d, org.springframework.security.web.context.SecurityContextPersistenceFilter@3eadad14, org.springframework.security.web.header.HeaderWriterFilter@7f41d979, org.springframework.web.filter.CorsFilter@405223e4, org.springframework.security.web.authentication.logout.LogoutFilter@3ef089ce, com.example.demo.security.JWTAuthenticationFilter@2d2133fd, com.example.demo.security.JWTAuthenticationVerficationFilter@58a7a58d, org.springframework.security.web.savedrequest.RequestCacheAwareFilter@1feb76b9, org.springframework.security.web.servletapi.SecurityContextHolderAwareRequestFilter@75f65d54, org.springframework.security.web.authentication.AnonymousAuthenticationFilter@4d8522ff, org.springframework.security.web.session.SessionManagementFilter@6d6712b7, org.springframework.security.web.access.ExceptionTranslationFilter@9d2af36, org.springframework.security.web.access.intercept.FilterSecurityInterceptor@21bf308]
2024-11-14 11:42:21 820 INFO     [main] o.s.s.c.ThreadPoolTaskExecutor Initializing ExecutorService 'applicationTaskExecutor'
2024-11-14 11:42:22 390 INFO     [main] o.s.b.w.e.tomcat.TomcatWebServer Tomcat started on port(s): 8080 (http) with context path ''
2024-11-14 11:42:22 395 INFO     [main] com.example.demo.Application Started Application in 11.61 seconds (JVM running for 12.799)
2024-11-14 11:43:32 573 INFO     [http-nio-8080-exec-2] o.a.c.c.C.[Tomcat].[localhost].[/] Initializing Spring DispatcherServlet 'dispatcherServlet'
2024-11-14 11:43:32 573 INFO     [http-nio-8080-exec-2] o.s.web.servlet.DispatcherServlet Initializing Servlet 'dispatcherServlet'
2024-11-14 11:43:32 582 INFO     [http-nio-8080-exec-2] o.s.web.servlet.DispatcherServlet Completed initialization in 9 ms
2024-11-14 11:43:32 683 WARN     [http-nio-8080-exec-2] c.e.demo.controllers.UserController User create failed, either password length is less than 7 or mismatched confirm password - password:123456  confirm password: 1234567
2024-11-14 11:43:56 482 WARN     [http-nio-8080-exec-3] c.e.demo.controllers.UserController User create failed, either password length is less than 7 or mismatched confirm password - password:1234567  confirm password: 12345678
2024-11-14 11:44:02 205 INFO     [http-nio-8080-exec-8] c.e.demo.controllers.UserController User created successfully username: kian   id: 1
2024-11-14 11:45:24 466 INFO     [http-nio-8080-exec-7] c.e.demo.controllers.UserController User created successfully username: kian1   id: 2
2024-11-14 11:45:29 905 INFO     [http-nio-8080-exec-10] c.e.demo.controllers.UserController User created successfully username: kian2   id: 3
2024-11-14 11:45:35 092 INFO     [http-nio-8080-exec-1] c.e.demo.controllers.UserController User created successfully username: kian3   id: 4
2024-11-14 11:46:51 220 WARN     [http-nio-8080-exec-3] c.e.demo.controllers.UserController User create failed, either password length is less than 7 or mismatched confirm password - password:123456  confirm password: 1234567
2024-11-14 11:47:12 465 INFO     [http-nio-8080-exec-8] o.h.h.i.QueryTranslatorFactoryInitiator HHH000397: Using ASTQueryTranslatorFactory
2024-11-14 11:50:11 744 ERROR    [http-nio-8080-exec-7] c.e.demo.controllers.CartController User not found = username : kianx
2024-11-14 11:50:43 909 ERROR    [http-nio-8080-exec-10] c.e.demo.controllers.CartController Item not found - item id : 5
2024-11-14 11:53:23 181 WARN     [http-nio-8080-exec-9] c.e.demo.controllers.OrderController Order submission failed - no user found with username : kianxx
2024-11-14 11:53:38 623 INFO     [http-nio-8080-exec-6] c.e.demo.controllers.OrderController Order submission successful for username : kian
2024-11-14 11:56:44 149 WARN     [http-nio-8080-exec-1] c.e.demo.controllers.OrderController No user found with username : kianz
2024-11-14 11:56:58 453 INFO     [http-nio-8080-exec-2] c.e.demo.controllers.OrderController List of order retrieve successful for username : kian
2024-11-14 11:57:50 765 WARN     [http-nio-8080-exec-4] c.e.demo.controllers.CartController User not found - User id : kianx
2024-11-14 11:58:10 140 WARN     [http-nio-8080-exec-3] c.e.demo.controllers.CartController User not found - User id : kianxz
2024-11-14 11:58:22 593 WARN     [http-nio-8080-exec-5] c.e.demo.controllers.CartController Item not found - User id : 3
2024-11-14 11:59:52 939 ERROR    [http-nio-8080-exec-6] c.e.demo.controllers.CartController Item not found - item id : 10
2024-11-14 12:01:26 172 INFO     [http-nio-8080-exec-1] c.e.demo.controllers.OrderController List of order retrieve successful for username : kian
2024-11-14 12:02:50 895 INFO     [http-nio-8080-exec-3] c.e.demo.controllers.OrderController Order submission successful for username : kian
2024-11-14 12:03:10 967 INFO     [http-nio-8080-exec-5] c.e.demo.controllers.OrderController List of order retrieve successful for username : kian
2024-11-14 12:08:11 724 INFO     [http-nio-8080-exec-7] c.e.demo.controllers.OrderController List of order retrieve successful for username : kian
2024-11-14 12:08:45 548 INFO     [http-nio-8080-exec-10] c.e.demo.controllers.OrderController Order submission successful for username : kian
2024-11-14 12:08:55 107 INFO     [http-nio-8080-exec-1] c.e.demo.controllers.OrderController List of order retrieve successful for username : kian
2024-11-14 12:09:29 340 ERROR    [http-nio-8080-exec-4] c.e.demo.controllers.ItemController item not found for item: Roun
2024-11-14 12:13:30 888 ERROR    [http-nio-8080-exec-7] c.e.demo.controllers.ItemController item not found for item: kia
2024-11-14 12:13:55 515 ERROR    [http-nio-8080-exec-1] c.e.demo.controllers.CartController User not found = username : kiank
2024-11-14 12:15:54 146 INFO     [http-nio-8080-exec-3] c.e.demo.controllers.OrderController Order submission successful for username : kian
2024-11-14 12:16:29 987 WARN     [http-nio-8080-exec-5] c.e.demo.controllers.CartController User not found - User id : kiank
2024-11-14 12:16:44 886 WARN     [http-nio-8080-exec-8] c.e.demo.controllers.CartController Item not found - User id : 10
